<?xml version="1.0" encoding="UTF-8"?>
<testsuite name="EncryptDecryptTest" tests="1" skipped="0" failures="0" errors="0" timestamp="2019-08-20T02:25:55" hostname="LAPTOP-GE08A8NK" time="0.441">
  <properties/>
  <testcase name="start" classname="EncryptDecryptTest" time="0.441"/>
  <system-out><![CDATA[\jqhtrj%yt%m~ujwxpnqq&
Hello
123456789
Welcome to hyperskill!
Hi
111122223333
bjqhtrj yt mdujwxpnqq
treasure
cphpchdjcijdjibhdjebhjucspucmdmudbnuccup
y
i
]]></system-out>
  <system-err><![CDATA[Start test 1
Start test 2
Start test 3
Start test 4
Start test 5
Start test 6
Start test 7
Start test 8
Start test 9
Start test 10
Start test 11
]]></system-err>
</testsuite>
